<?xml version="1.0" encoding="UTF-8"?>
<testsuite name="hello.ActuatorApplicationTests" tests="1" skipped="0" failures="0" errors="0" timestamp="2024-11-11T07:25:25" hostname="DESKTOP-6B3EBQC" time="0.799">
  <properties/>
  <testcase name="contextLoads()" classname="hello.ActuatorApplicationTests" time="0.799"/>
  <system-out><![CDATA[16:25:16.027 [Test worker] DEBUG org.springframework.boot.test.context.SpringBootTestContextBootstrapper - Neither @ContextConfiguration nor @ContextHierarchy found for test class [ActuatorApplicationTests]: using SpringBootContextLoader
16:25:16.037 [Test worker] DEBUG org.springframework.test.context.support.AbstractContextLoader - Could not detect default resource locations for test class [hello.ActuatorApplicationTests]: no resource found for suffixes {-context.xml, Context.groovy}.
16:25:16.040 [Test worker] INFO org.springframework.test.context.support.AnnotationConfigContextLoaderUtils - Could not detect default configuration classes for test class [hello.ActuatorApplicationTests]: ActuatorApplicationTests does not declare any static, non-private, non-final, nested classes annotated with @Configuration.
16:25:16.104 [Test worker] DEBUG org.springframework.boot.test.context.SpringBootTestContextBootstrapper - Using ContextCustomizers for test class [ActuatorApplicationTests]: [DisableObservabilityContextCustomizer, PropertyMappingContextCustomizer, Customizer, ExcludeFilterContextCustomizer, DuplicateJsonObjectContextCustomizer, MockitoContextCustomizer, TestRestTemplateContextCustomizer]
16:25:16.278 [Test worker] DEBUG org.springframework.context.annotation.ClassPathScanningCandidateComponentProvider - Identified candidate component class: file [C:\youna\study\springboot\actuator\build\classes\java\main\hello\ActuatorApplication.class]
16:25:16.281 [Test worker] INFO org.springframework.boot.test.context.SpringBootTestContextBootstrapper - Found @SpringBootConfiguration hello.ActuatorApplication for test class hello.ActuatorApplicationTests
16:25:16.646 [Test worker] DEBUG org.springframework.boot.test.context.SpringBootTestContextBootstrapper - Using TestExecutionListeners for test class [ActuatorApplicationTests]: [ServletTestExecutionListener, DirtiesContextBeforeModesTestExecutionListener, ApplicationEventsTestExecutionListener, MockitoTestExecutionListener, DependencyInjectionTestExecutionListener, DirtiesContextTestExecutionListener, TransactionalTestExecutionListener, SqlScriptsTestExecutionListener, EventPublishingTestExecutionListener, RestDocsTestExecutionListener, MockRestServiceServerResetTestExecutionListener, MockMvcPrintOnlyOnFailureTestExecutionListener, WebDriverTestExecutionListener, MockWebServiceServerTestExecutionListener, ResetMocksTestExecutionListener]
16:25:16.650 [Test worker] DEBUG org.springframework.test.context.support.AbstractDirtiesContextTestExecutionListener - Before test class: class [ActuatorApplicationTests], class annotated with @DirtiesContext [false] with mode [null]

  .   ____          _            __ _ _
 /\\ / ___'_ __ _ _(_)_ __  __ _ \ \ \ \
( ( )\___ | '_ | '_| | '_ \/ _` | \ \ \ \
 \\/  ___)| |_)| | | | | || (_| |  ) ) ) )
  '  |____| .__|_| |_|_| |_\__, | / / / /
 =========|_|==============|___/=/_/_/_/
?[32m :: Spring Boot :: ?[39m              ?[2m (v3.0.2)?[0;39m

?[2m2024-11-11T16:25:17.451+09:00?[0;39m ?[32m INFO?[0;39m ?[35m12264?[0;39m ?[2m---?[0;39m ?[2m[    Test worker]?[0;39m ?[36mhello.ActuatorApplicationTests          ?[0;39m ?[2m:?[0;39m Starting ActuatorApplicationTests using Java 17.0.11 with PID 12264 (started by youna in C:\youna\study\springboot\actuator)
?[2m2024-11-11T16:25:17.453+09:00?[0;39m ?[32m INFO?[0;39m ?[35m12264?[0;39m ?[2m---?[0;39m ?[2m[    Test worker]?[0;39m ?[36mhello.ActuatorApplicationTests          ?[0;39m ?[2m:?[0;39m No active profile set, falling back to 1 default profile: "default"
?[2m2024-11-11T16:25:19.526+09:00?[0;39m ?[32m INFO?[0;39m ?[35m12264?[0;39m ?[2m---?[0;39m ?[2m[    Test worker]?[0;39m ?[36m.s.d.r.c.RepositoryConfigurationDelegate?[0;39m ?[2m:?[0;39m Bootstrapping Spring Data JPA repositories in DEFAULT mode.
?[2m2024-11-11T16:25:19.574+09:00?[0;39m ?[32m INFO?[0;39m ?[35m12264?[0;39m ?[2m---?[0;39m ?[2m[    Test worker]?[0;39m ?[36m.s.d.r.c.RepositoryConfigurationDelegate?[0;39m ?[2m:?[0;39m Finished Spring Data repository scanning in 27 ms. Found 0 JPA repository interfaces.
?[2m2024-11-11T16:25:20.469+09:00?[0;39m ?[32m INFO?[0;39m ?[35m12264?[0;39m ?[2m---?[0;39m ?[2m[    Test worker]?[0;39m ?[36mcom.zaxxer.hikari.HikariDataSource      ?[0;39m ?[2m:?[0;39m HikariPool-1 - Starting...
?[2m2024-11-11T16:25:20.966+09:00?[0;39m ?[32m INFO?[0;39m ?[35m12264?[0;39m ?[2m---?[0;39m ?[2m[    Test worker]?[0;39m ?[36mcom.zaxxer.hikari.pool.HikariPool       ?[0;39m ?[2m:?[0;39m HikariPool-1 - Added connection conn0: url=jdbc:h2:mem:e94cb8dd-c223-42bf-b58a-39c9c87b4c2a user=SA
?[2m2024-11-11T16:25:20.968+09:00?[0;39m ?[32m INFO?[0;39m ?[35m12264?[0;39m ?[2m---?[0;39m ?[2m[    Test worker]?[0;39m ?[36mcom.zaxxer.hikari.HikariDataSource      ?[0;39m ?[2m:?[0;39m HikariPool-1 - Start completed.
?[2m2024-11-11T16:25:21.078+09:00?[0;39m ?[32m INFO?[0;39m ?[35m12264?[0;39m ?[2m---?[0;39m ?[2m[    Test worker]?[0;39m ?[36mo.hibernate.jpa.internal.util.LogHelper ?[0;39m ?[2m:?[0;39m HHH000204: Processing PersistenceUnitInfo [name: default]
?[2m2024-11-11T16:25:21.232+09:00?[0;39m ?[32m INFO?[0;39m ?[35m12264?[0;39m ?[2m---?[0;39m ?[2m[    Test worker]?[0;39m ?[36morg.hibernate.Version                   ?[0;39m ?[2m:?[0;39m HHH000412: Hibernate ORM core version 6.1.6.Final
?[2m2024-11-11T16:25:21.639+09:00?[0;39m ?[33m WARN?[0;39m ?[35m12264?[0;39m ?[2m---?[0;39m ?[2m[    Test worker]?[0;39m ?[36morg.hibernate.orm.deprecation           ?[0;39m ?[2m:?[0;39m HHH90000021: Encountered deprecated setting [javax.persistence.sharedCache.mode], use [jakarta.persistence.sharedCache.mode] instead
?[2m2024-11-11T16:25:21.987+09:00?[0;39m ?[32m INFO?[0;39m ?[35m12264?[0;39m ?[2m---?[0;39m ?[2m[    Test worker]?[0;39m ?[36mSQL dialect                             ?[0;39m ?[2m:?[0;39m HHH000400: Using dialect: org.hibernate.dialect.H2Dialect
?[2m2024-11-11T16:25:22.648+09:00?[0;39m ?[32m INFO?[0;39m ?[35m12264?[0;39m ?[2m---?[0;39m ?[2m[    Test worker]?[0;39m ?[36mo.h.e.t.j.p.i.JtaPlatformInitiator      ?[0;39m ?[2m:?[0;39m HHH000490: Using JtaPlatform implementation: [org.hibernate.engine.transaction.jta.platform.internal.NoJtaPlatform]
?[2m2024-11-11T16:25:22.668+09:00?[0;39m ?[32m INFO?[0;39m ?[35m12264?[0;39m ?[2m---?[0;39m ?[2m[    Test worker]?[0;39m ?[36mj.LocalContainerEntityManagerFactoryBean?[0;39m ?[2m:?[0;39m Initialized JPA EntityManagerFactory for persistence unit 'default'
?[2m2024-11-11T16:25:23.054+09:00?[0;39m ?[33m WARN?[0;39m ?[35m12264?[0;39m ?[2m---?[0;39m ?[2m[    Test worker]?[0;39m ?[36mJpaBaseConfiguration$JpaWebConfiguration?[0;39m ?[2m:?[0;39m spring.jpa.open-in-view is enabled by default. Therefore, database queries may be performed during view rendering. Explicitly configure spring.jpa.open-in-view to disable this warning
?[2m2024-11-11T16:25:24.660+09:00?[0;39m ?[32m INFO?[0;39m ?[35m12264?[0;39m ?[2m---?[0;39m ?[2m[    Test worker]?[0;39m ?[36mo.s.b.a.e.web.EndpointLinksResolver     ?[0;39m ?[2m:?[0;39m Exposing 14 endpoint(s) beneath base path '/actuator'
?[2m2024-11-11T16:25:24.864+09:00?[0;39m ?[32m INFO?[0;39m ?[35m12264?[0;39m ?[2m---?[0;39m ?[2m[    Test worker]?[0;39m ?[36mhello.ActuatorApplicationTests          ?[0;39m ?[2m:?[0;39m Started ActuatorApplicationTests in 8.082 seconds (process running for 11.039)
]]></system-out>
  <system-err><![CDATA[]]></system-err>
</testsuite>
